<?xml version="1.0" encoding="UTF-8"?>
<!-- Generated by org.testng.reporters.JUnitReportReporter -->
<testsuite hostname="LogicalMonster" name="com.bryhas.project.mailrutest.tests.WeatherTest" tests="1" failures="0" timestamp="16 Jun 2015 15:06:40 GMT" time="30.811" errors="0">
  <testcase name="checkWeather" time="30.811" classname="com.bryhas.project.mailrutest.tests.WeatherTest"/>
</testsuite> <!-- com.bryhas.project.mailrutest.tests.WeatherTest -->
